2026-04-25 20:54:49,796 [INFO] Loading model: OpenGVLab/InternVL3-8B-hf
2026-04-25 20:54:52,765 [INFO] HTTP Request: HEAD https://huggingface.co/OpenGVLab/InternVL3-8B-hf/resolve/main/processor_config.json "HTTP/1.1 307 Temporary Redirect"
2026-04-25 20:54:52,765 [WARNING] Warning: You are sending unauthenticated requests to the HF Hub. Please set a HF_TOKEN to enable higher rate limits and faster downloads.
2026-04-25 20:54:52,781 [INFO] HTTP Request: HEAD https://huggingface.co/api/resolve-cache/models/OpenGVLab/InternVL3-8B-hf/259a3b64a14623c0ec91a045cb43f7c5af5fa6af/processor_config.json "HTTP/1.1 200 OK"
2026-04-25 20:54:52,809 [INFO] HTTP Request: GET https://huggingface.co/api/models/OpenGVLab/InternVL3-8B-hf/tree/main/additional_chat_templates?recursive=false&expand=false "HTTP/1.1 404 Not Found"
2026-04-25 20:54:52,833 [INFO] HTTP Request: HEAD https://huggingface.co/OpenGVLab/InternVL3-8B-hf/resolve/main/processor_config.json "HTTP/1.1 307 Temporary Redirect"
2026-04-25 20:54:52,846 [INFO] HTTP Request: HEAD https://huggingface.co/api/resolve-cache/models/OpenGVLab/InternVL3-8B-hf/259a3b64a14623c0ec91a045cb43f7c5af5fa6af/processor_config.json "HTTP/1.1 200 OK"
2026-04-25 20:54:52,874 [INFO] HTTP Request: HEAD https://huggingface.co/OpenGVLab/InternVL3-8B-hf/resolve/main/chat_template.json "HTTP/1.1 404 Not Found"
2026-04-25 20:54:52,899 [INFO] HTTP Request: HEAD https://huggingface.co/OpenGVLab/InternVL3-8B-hf/resolve/main/chat_template.jinja "HTTP/1.1 307 Temporary Redirect"
2026-04-25 20:54:52,914 [INFO] HTTP Request: HEAD https://huggingface.co/api/resolve-cache/models/OpenGVLab/InternVL3-8B-hf/259a3b64a14623c0ec91a045cb43f7c5af5fa6af/chat_template.jinja "HTTP/1.1 200 OK"
2026-04-25 20:54:52,943 [INFO] HTTP Request: HEAD https://huggingface.co/OpenGVLab/InternVL3-8B-hf/resolve/main/audio_tokenizer_config.json "HTTP/1.1 404 Not Found"
2026-04-25 20:54:52,973 [INFO] HTTP Request: GET https://huggingface.co/api/models/OpenGVLab/InternVL3-8B-hf/tree/main/additional_chat_templates?recursive=false&expand=false "HTTP/1.1 404 Not Found"
2026-04-25 20:54:53,000 [INFO] HTTP Request: HEAD https://huggingface.co/OpenGVLab/InternVL3-8B-hf/resolve/main/processor_config.json "HTTP/1.1 307 Temporary Redirect"
2026-04-25 20:54:53,013 [INFO] HTTP Request: HEAD https://huggingface.co/api/resolve-cache/models/OpenGVLab/InternVL3-8B-hf/259a3b64a14623c0ec91a045cb43f7c5af5fa6af/processor_config.json "HTTP/1.1 200 OK"
2026-04-25 20:54:53,038 [INFO] HTTP Request: HEAD https://huggingface.co/OpenGVLab/InternVL3-8B-hf/resolve/main/chat_template.json "HTTP/1.1 404 Not Found"
2026-04-25 20:54:53,065 [INFO] HTTP Request: HEAD https://huggingface.co/OpenGVLab/InternVL3-8B-hf/resolve/main/chat_template.jinja "HTTP/1.1 307 Temporary Redirect"
2026-04-25 20:54:53,079 [INFO] HTTP Request: HEAD https://huggingface.co/api/resolve-cache/models/OpenGVLab/InternVL3-8B-hf/259a3b64a14623c0ec91a045cb43f7c5af5fa6af/chat_template.jinja "HTTP/1.1 200 OK"
2026-04-25 20:54:53,108 [INFO] HTTP Request: HEAD https://huggingface.co/OpenGVLab/InternVL3-8B-hf/resolve/main/audio_tokenizer_config.json "HTTP/1.1 404 Not Found"
2026-04-25 20:54:53,135 [INFO] HTTP Request: HEAD https://huggingface.co/OpenGVLab/InternVL3-8B-hf/resolve/main/processor_config.json "HTTP/1.1 307 Temporary Redirect"
2026-04-25 20:54:53,148 [INFO] HTTP Request: HEAD https://huggingface.co/api/resolve-cache/models/OpenGVLab/InternVL3-8B-hf/259a3b64a14623c0ec91a045cb43f7c5af5fa6af/processor_config.json "HTTP/1.1 200 OK"
2026-04-25 20:54:53,175 [INFO] HTTP Request: HEAD https://huggingface.co/OpenGVLab/InternVL3-8B-hf/resolve/main/preprocessor_config.json "HTTP/1.1 307 Temporary Redirect"
2026-04-25 20:54:53,189 [INFO] HTTP Request: HEAD https://huggingface.co/api/resolve-cache/models/OpenGVLab/InternVL3-8B-hf/259a3b64a14623c0ec91a045cb43f7c5af5fa6af/preprocessor_config.json "HTTP/1.1 200 OK"
2026-04-25 20:54:53,222 [INFO] HTTP Request: HEAD https://huggingface.co/OpenGVLab/InternVL3-8B-hf/resolve/main/processor_config.json "HTTP/1.1 307 Temporary Redirect"
2026-04-25 20:54:53,236 [INFO] HTTP Request: HEAD https://huggingface.co/api/resolve-cache/models/OpenGVLab/InternVL3-8B-hf/259a3b64a14623c0ec91a045cb43f7c5af5fa6af/processor_config.json "HTTP/1.1 200 OK"
2026-04-25 20:54:53,260 [INFO] HTTP Request: HEAD https://huggingface.co/OpenGVLab/InternVL3-8B-hf/resolve/main/preprocessor_config.json "HTTP/1.1 307 Temporary Redirect"
2026-04-25 20:54:53,274 [INFO] HTTP Request: HEAD https://huggingface.co/api/resolve-cache/models/OpenGVLab/InternVL3-8B-hf/259a3b64a14623c0ec91a045cb43f7c5af5fa6af/preprocessor_config.json "HTTP/1.1 200 OK"
2026-04-25 20:54:53,298 [INFO] HTTP Request: HEAD https://huggingface.co/OpenGVLab/InternVL3-8B-hf/resolve/main/config.json "HTTP/1.1 307 Temporary Redirect"
2026-04-25 20:54:53,312 [INFO] HTTP Request: HEAD https://huggingface.co/api/resolve-cache/models/OpenGVLab/InternVL3-8B-hf/259a3b64a14623c0ec91a045cb43f7c5af5fa6af/config.json "HTTP/1.1 200 OK"
2026-04-25 20:54:53,342 [INFO] HTTP Request: HEAD https://huggingface.co/OpenGVLab/InternVL3-8B-hf/resolve/main/tokenizer_config.json "HTTP/1.1 307 Temporary Redirect"
2026-04-25 20:54:53,356 [INFO] HTTP Request: HEAD https://huggingface.co/api/resolve-cache/models/OpenGVLab/InternVL3-8B-hf/259a3b64a14623c0ec91a045cb43f7c5af5fa6af/tokenizer_config.json "HTTP/1.1 200 OK"
2026-04-25 20:54:53,385 [INFO] HTTP Request: GET https://huggingface.co/api/models/OpenGVLab/InternVL3-8B-hf/tree/main/additional_chat_templates?recursive=false&expand=false "HTTP/1.1 404 Not Found"
2026-04-25 20:54:53,413 [INFO] HTTP Request: GET https://huggingface.co/api/models/OpenGVLab/InternVL3-8B-hf/tree/main?recursive=true&expand=false "HTTP/1.1 200 OK"
2026-04-25 20:54:54,181 [INFO] HTTP Request: GET https://huggingface.co/api/models/OpenGVLab/InternVL3-8B-hf "HTTP/1.1 200 OK"
2026-04-25 20:54:54,203 [INFO] HTTP Request: HEAD https://huggingface.co/OpenGVLab/InternVL3-8B-hf/resolve/main/processor_config.json "HTTP/1.1 307 Temporary Redirect"
2026-04-25 20:54:54,215 [INFO] HTTP Request: HEAD https://huggingface.co/api/resolve-cache/models/OpenGVLab/InternVL3-8B-hf/259a3b64a14623c0ec91a045cb43f7c5af5fa6af/processor_config.json "HTTP/1.1 200 OK"
2026-04-25 20:54:54,275 [INFO] HTTP Request: HEAD https://huggingface.co/OpenGVLab/InternVL3-8B-hf/resolve/main/video_preprocessor_config.json "HTTP/1.1 404 Not Found"
2026-04-25 20:54:54,301 [INFO] HTTP Request: HEAD https://huggingface.co/OpenGVLab/InternVL3-8B-hf/resolve/main/preprocessor_config.json "HTTP/1.1 307 Temporary Redirect"
2026-04-25 20:54:54,313 [INFO] HTTP Request: HEAD https://huggingface.co/api/resolve-cache/models/OpenGVLab/InternVL3-8B-hf/259a3b64a14623c0ec91a045cb43f7c5af5fa6af/preprocessor_config.json "HTTP/1.1 200 OK"
2026-04-25 20:54:54,338 [INFO] HTTP Request: HEAD https://huggingface.co/OpenGVLab/InternVL3-8B-hf/resolve/main/config.json "HTTP/1.1 307 Temporary Redirect"
2026-04-25 20:54:54,351 [INFO] HTTP Request: HEAD https://huggingface.co/api/resolve-cache/models/OpenGVLab/InternVL3-8B-hf/259a3b64a14623c0ec91a045cb43f7c5af5fa6af/config.json "HTTP/1.1 200 OK"
2026-04-25 20:54:54,384 [INFO] HTTP Request: HEAD https://huggingface.co/OpenGVLab/InternVL3-8B-hf/resolve/main/processor_config.json "HTTP/1.1 307 Temporary Redirect"
2026-04-25 20:54:54,397 [INFO] HTTP Request: HEAD https://huggingface.co/api/resolve-cache/models/OpenGVLab/InternVL3-8B-hf/259a3b64a14623c0ec91a045cb43f7c5af5fa6af/processor_config.json "HTTP/1.1 200 OK"
2026-04-25 20:54:54,426 [INFO] HTTP Request: HEAD https://huggingface.co/OpenGVLab/InternVL3-8B-hf/resolve/main/video_preprocessor_config.json "HTTP/1.1 404 Not Found"
2026-04-25 20:54:54,449 [INFO] HTTP Request: HEAD https://huggingface.co/OpenGVLab/InternVL3-8B-hf/resolve/main/preprocessor_config.json "HTTP/1.1 307 Temporary Redirect"
2026-04-25 20:54:54,462 [INFO] HTTP Request: HEAD https://huggingface.co/api/resolve-cache/models/OpenGVLab/InternVL3-8B-hf/259a3b64a14623c0ec91a045cb43f7c5af5fa6af/preprocessor_config.json "HTTP/1.1 200 OK"
2026-04-25 20:54:55,027 [INFO] HTTP Request: HEAD https://huggingface.co/OpenGVLab/InternVL3-8B-hf/resolve/main/config.json "HTTP/1.1 307 Temporary Redirect"
2026-04-25 20:54:55,042 [INFO] HTTP Request: HEAD https://huggingface.co/api/resolve-cache/models/OpenGVLab/InternVL3-8B-hf/259a3b64a14623c0ec91a045cb43f7c5af5fa6af/config.json "HTTP/1.1 200 OK"
2026-04-25 20:54:55,075 [INFO] HTTP Request: HEAD https://huggingface.co/OpenGVLab/InternVL3-8B-hf/resolve/main/config.json "HTTP/1.1 307 Temporary Redirect"
2026-04-25 20:54:55,087 [INFO] HTTP Request: HEAD https://huggingface.co/api/resolve-cache/models/OpenGVLab/InternVL3-8B-hf/259a3b64a14623c0ec91a045cb43f7c5af5fa6af/config.json "HTTP/1.1 200 OK"
2026-04-25 20:54:55,372 [INFO] HTTP Request: HEAD https://huggingface.co/OpenGVLab/InternVL3-8B-hf/resolve/main/generation_config.json "HTTP/1.1 307 Temporary Redirect"
2026-04-25 20:54:55,385 [INFO] HTTP Request: HEAD https://huggingface.co/api/resolve-cache/models/OpenGVLab/InternVL3-8B-hf/259a3b64a14623c0ec91a045cb43f7c5af5fa6af/generation_config.json "HTTP/1.1 200 OK"
2026-04-25 20:55:00,738 [INFO] Train: 2990  Val: 330
2026-04-25 20:55:02,088 [INFO] step   0/500  lm=7.8415  dir=0.2254  total=7.9092  (1.3s/1=1.35s/step)
2026-04-25 20:55:32,968 [INFO] step 100/500  lm=0.0000  dir=0.2707  total=0.0812  (32.2s/101=0.32s/step)
2026-04-25 20:56:04,023 [INFO] step 200/500  lm=0.0001  dir=0.2358  total=0.0709  (63.3s/201=0.31s/step)
2026-04-25 20:56:24,895 [INFO]   [eval @ step 249] lm=0.1477  dir=0.1364  R²=0.8840  (n=100)
2026-04-25 20:56:40,655 [INFO] step 300/500  lm=0.0000  dir=0.1158  total=0.0348  (99.9s/301=0.33s/step)
2026-04-25 20:57:10,555 [INFO] step 400/500  lm=0.5167  dir=0.1169  total=0.5517  (129.8s/401=0.32s/step)
2026-04-25 20:57:46,843 [INFO]   [eval @ step 499] lm=0.1535  dir=0.1113  R²=0.9592  (n=100)
2026-04-25 20:58:29,983 [INFO] FINAL  lm=0.1292  dir=0.1155  R²=0.9155  vqa_acc=0.9394 (n=330)
2026-04-25 20:58:30,061 [INFO] HTTP Request: HEAD https://huggingface.co/OpenGVLab/InternVL3-8B-hf/resolve/main/config.json "HTTP/1.1 307 Temporary Redirect"
2026-04-25 20:58:30,073 [INFO] HTTP Request: HEAD https://huggingface.co/api/resolve-cache/models/OpenGVLab/InternVL3-8B-hf/259a3b64a14623c0ec91a045cb43f7c5af5fa6af/config.json "HTTP/1.1 200 OK"
2026-04-25 20:58:30,177 [INFO] Saved to checkpoints/intern_lam0.3_seed1
