2026-04-25 18:39:25,384 [INFO] Loading model: OpenGVLab/InternVL3-8B-hf
2026-04-25 18:39:28,458 [INFO] HTTP Request: HEAD https://huggingface.co/OpenGVLab/InternVL3-8B-hf/resolve/main/processor_config.json "HTTP/1.1 307 Temporary Redirect"
2026-04-25 18:39:28,470 [INFO] HTTP Request: HEAD https://huggingface.co/api/resolve-cache/models/OpenGVLab/InternVL3-8B-hf/259a3b64a14623c0ec91a045cb43f7c5af5fa6af/processor_config.json "HTTP/1.1 200 OK"
2026-04-25 18:39:28,503 [INFO] HTTP Request: GET https://huggingface.co/api/models/OpenGVLab/InternVL3-8B-hf/tree/main/additional_chat_templates?recursive=false&expand=false "HTTP/1.1 404 Not Found"
2026-04-25 18:39:28,526 [INFO] HTTP Request: HEAD https://huggingface.co/OpenGVLab/InternVL3-8B-hf/resolve/main/processor_config.json "HTTP/1.1 307 Temporary Redirect"
2026-04-25 18:39:28,539 [INFO] HTTP Request: HEAD https://huggingface.co/api/resolve-cache/models/OpenGVLab/InternVL3-8B-hf/259a3b64a14623c0ec91a045cb43f7c5af5fa6af/processor_config.json "HTTP/1.1 200 OK"
2026-04-25 18:39:28,562 [INFO] HTTP Request: HEAD https://huggingface.co/OpenGVLab/InternVL3-8B-hf/resolve/main/chat_template.json "HTTP/1.1 404 Not Found"
2026-04-25 18:39:28,590 [INFO] HTTP Request: HEAD https://huggingface.co/OpenGVLab/InternVL3-8B-hf/resolve/main/chat_template.jinja "HTTP/1.1 307 Temporary Redirect"
2026-04-25 18:39:28,590 [WARNING] Warning: You are sending unauthenticated requests to the HF Hub. Please set a HF_TOKEN to enable higher rate limits and faster downloads.
2026-04-25 18:39:28,603 [INFO] HTTP Request: HEAD https://huggingface.co/api/resolve-cache/models/OpenGVLab/InternVL3-8B-hf/259a3b64a14623c0ec91a045cb43f7c5af5fa6af/chat_template.jinja "HTTP/1.1 200 OK"
2026-04-25 18:39:28,631 [INFO] HTTP Request: HEAD https://huggingface.co/OpenGVLab/InternVL3-8B-hf/resolve/main/audio_tokenizer_config.json "HTTP/1.1 404 Not Found"
2026-04-25 18:39:28,666 [INFO] HTTP Request: GET https://huggingface.co/api/models/OpenGVLab/InternVL3-8B-hf/tree/main/additional_chat_templates?recursive=false&expand=false "HTTP/1.1 404 Not Found"
2026-04-25 18:39:28,693 [INFO] HTTP Request: HEAD https://huggingface.co/OpenGVLab/InternVL3-8B-hf/resolve/main/processor_config.json "HTTP/1.1 307 Temporary Redirect"
2026-04-25 18:39:28,706 [INFO] HTTP Request: HEAD https://huggingface.co/api/resolve-cache/models/OpenGVLab/InternVL3-8B-hf/259a3b64a14623c0ec91a045cb43f7c5af5fa6af/processor_config.json "HTTP/1.1 200 OK"
2026-04-25 18:39:28,735 [INFO] HTTP Request: HEAD https://huggingface.co/OpenGVLab/InternVL3-8B-hf/resolve/main/chat_template.json "HTTP/1.1 404 Not Found"
2026-04-25 18:39:28,758 [INFO] HTTP Request: HEAD https://huggingface.co/OpenGVLab/InternVL3-8B-hf/resolve/main/chat_template.jinja "HTTP/1.1 307 Temporary Redirect"
2026-04-25 18:39:28,772 [INFO] HTTP Request: HEAD https://huggingface.co/api/resolve-cache/models/OpenGVLab/InternVL3-8B-hf/259a3b64a14623c0ec91a045cb43f7c5af5fa6af/chat_template.jinja "HTTP/1.1 200 OK"
2026-04-25 18:39:28,798 [INFO] HTTP Request: HEAD https://huggingface.co/OpenGVLab/InternVL3-8B-hf/resolve/main/audio_tokenizer_config.json "HTTP/1.1 404 Not Found"
2026-04-25 18:39:28,821 [INFO] HTTP Request: HEAD https://huggingface.co/OpenGVLab/InternVL3-8B-hf/resolve/main/processor_config.json "HTTP/1.1 307 Temporary Redirect"
2026-04-25 18:39:28,834 [INFO] HTTP Request: HEAD https://huggingface.co/api/resolve-cache/models/OpenGVLab/InternVL3-8B-hf/259a3b64a14623c0ec91a045cb43f7c5af5fa6af/processor_config.json "HTTP/1.1 200 OK"
2026-04-25 18:39:28,859 [INFO] HTTP Request: HEAD https://huggingface.co/OpenGVLab/InternVL3-8B-hf/resolve/main/preprocessor_config.json "HTTP/1.1 307 Temporary Redirect"
2026-04-25 18:39:28,872 [INFO] HTTP Request: HEAD https://huggingface.co/api/resolve-cache/models/OpenGVLab/InternVL3-8B-hf/259a3b64a14623c0ec91a045cb43f7c5af5fa6af/preprocessor_config.json "HTTP/1.1 200 OK"
2026-04-25 18:39:28,901 [INFO] HTTP Request: HEAD https://huggingface.co/OpenGVLab/InternVL3-8B-hf/resolve/main/processor_config.json "HTTP/1.1 307 Temporary Redirect"
2026-04-25 18:39:28,914 [INFO] HTTP Request: HEAD https://huggingface.co/api/resolve-cache/models/OpenGVLab/InternVL3-8B-hf/259a3b64a14623c0ec91a045cb43f7c5af5fa6af/processor_config.json "HTTP/1.1 200 OK"
2026-04-25 18:39:28,939 [INFO] HTTP Request: HEAD https://huggingface.co/OpenGVLab/InternVL3-8B-hf/resolve/main/preprocessor_config.json "HTTP/1.1 307 Temporary Redirect"
2026-04-25 18:39:28,952 [INFO] HTTP Request: HEAD https://huggingface.co/api/resolve-cache/models/OpenGVLab/InternVL3-8B-hf/259a3b64a14623c0ec91a045cb43f7c5af5fa6af/preprocessor_config.json "HTTP/1.1 200 OK"
2026-04-25 18:39:28,977 [INFO] HTTP Request: HEAD https://huggingface.co/OpenGVLab/InternVL3-8B-hf/resolve/main/config.json "HTTP/1.1 307 Temporary Redirect"
2026-04-25 18:39:28,989 [INFO] HTTP Request: HEAD https://huggingface.co/api/resolve-cache/models/OpenGVLab/InternVL3-8B-hf/259a3b64a14623c0ec91a045cb43f7c5af5fa6af/config.json "HTTP/1.1 200 OK"
2026-04-25 18:39:29,024 [INFO] HTTP Request: HEAD https://huggingface.co/OpenGVLab/InternVL3-8B-hf/resolve/main/tokenizer_config.json "HTTP/1.1 307 Temporary Redirect"
2026-04-25 18:39:29,037 [INFO] HTTP Request: HEAD https://huggingface.co/api/resolve-cache/models/OpenGVLab/InternVL3-8B-hf/259a3b64a14623c0ec91a045cb43f7c5af5fa6af/tokenizer_config.json "HTTP/1.1 200 OK"
2026-04-25 18:39:29,068 [INFO] HTTP Request: GET https://huggingface.co/api/models/OpenGVLab/InternVL3-8B-hf/tree/main/additional_chat_templates?recursive=false&expand=false "HTTP/1.1 404 Not Found"
2026-04-25 18:39:29,095 [INFO] HTTP Request: GET https://huggingface.co/api/models/OpenGVLab/InternVL3-8B-hf/tree/main?recursive=true&expand=false "HTTP/1.1 200 OK"
2026-04-25 18:39:29,856 [INFO] HTTP Request: GET https://huggingface.co/api/models/OpenGVLab/InternVL3-8B-hf "HTTP/1.1 200 OK"
2026-04-25 18:39:29,881 [INFO] HTTP Request: HEAD https://huggingface.co/OpenGVLab/InternVL3-8B-hf/resolve/main/processor_config.json "HTTP/1.1 307 Temporary Redirect"
2026-04-25 18:39:29,894 [INFO] HTTP Request: HEAD https://huggingface.co/api/resolve-cache/models/OpenGVLab/InternVL3-8B-hf/259a3b64a14623c0ec91a045cb43f7c5af5fa6af/processor_config.json "HTTP/1.1 200 OK"
2026-04-25 18:39:29,917 [INFO] HTTP Request: HEAD https://huggingface.co/OpenGVLab/InternVL3-8B-hf/resolve/main/video_preprocessor_config.json "HTTP/1.1 404 Not Found"
2026-04-25 18:39:29,948 [INFO] HTTP Request: HEAD https://huggingface.co/OpenGVLab/InternVL3-8B-hf/resolve/main/preprocessor_config.json "HTTP/1.1 307 Temporary Redirect"
2026-04-25 18:39:29,960 [INFO] HTTP Request: HEAD https://huggingface.co/api/resolve-cache/models/OpenGVLab/InternVL3-8B-hf/259a3b64a14623c0ec91a045cb43f7c5af5fa6af/preprocessor_config.json "HTTP/1.1 200 OK"
2026-04-25 18:39:29,993 [INFO] HTTP Request: HEAD https://huggingface.co/OpenGVLab/InternVL3-8B-hf/resolve/main/config.json "HTTP/1.1 307 Temporary Redirect"
2026-04-25 18:39:30,006 [INFO] HTTP Request: HEAD https://huggingface.co/api/resolve-cache/models/OpenGVLab/InternVL3-8B-hf/259a3b64a14623c0ec91a045cb43f7c5af5fa6af/config.json "HTTP/1.1 200 OK"
2026-04-25 18:39:30,037 [INFO] HTTP Request: HEAD https://huggingface.co/OpenGVLab/InternVL3-8B-hf/resolve/main/processor_config.json "HTTP/1.1 307 Temporary Redirect"
2026-04-25 18:39:30,052 [INFO] HTTP Request: HEAD https://huggingface.co/api/resolve-cache/models/OpenGVLab/InternVL3-8B-hf/259a3b64a14623c0ec91a045cb43f7c5af5fa6af/processor_config.json "HTTP/1.1 200 OK"
2026-04-25 18:39:30,082 [INFO] HTTP Request: HEAD https://huggingface.co/OpenGVLab/InternVL3-8B-hf/resolve/main/video_preprocessor_config.json "HTTP/1.1 404 Not Found"
2026-04-25 18:39:30,107 [INFO] HTTP Request: HEAD https://huggingface.co/OpenGVLab/InternVL3-8B-hf/resolve/main/preprocessor_config.json "HTTP/1.1 307 Temporary Redirect"
2026-04-25 18:39:30,120 [INFO] HTTP Request: HEAD https://huggingface.co/api/resolve-cache/models/OpenGVLab/InternVL3-8B-hf/259a3b64a14623c0ec91a045cb43f7c5af5fa6af/preprocessor_config.json "HTTP/1.1 200 OK"
2026-04-25 18:39:30,679 [INFO] HTTP Request: HEAD https://huggingface.co/OpenGVLab/InternVL3-8B-hf/resolve/main/config.json "HTTP/1.1 307 Temporary Redirect"
2026-04-25 18:39:30,694 [INFO] HTTP Request: HEAD https://huggingface.co/api/resolve-cache/models/OpenGVLab/InternVL3-8B-hf/259a3b64a14623c0ec91a045cb43f7c5af5fa6af/config.json "HTTP/1.1 200 OK"
2026-04-25 18:39:30,726 [INFO] HTTP Request: HEAD https://huggingface.co/OpenGVLab/InternVL3-8B-hf/resolve/main/config.json "HTTP/1.1 307 Temporary Redirect"
2026-04-25 18:39:30,737 [INFO] HTTP Request: HEAD https://huggingface.co/api/resolve-cache/models/OpenGVLab/InternVL3-8B-hf/259a3b64a14623c0ec91a045cb43f7c5af5fa6af/config.json "HTTP/1.1 200 OK"
2026-04-25 18:39:31,020 [INFO] HTTP Request: HEAD https://huggingface.co/OpenGVLab/InternVL3-8B-hf/resolve/main/generation_config.json "HTTP/1.1 307 Temporary Redirect"
2026-04-25 18:39:31,033 [INFO] HTTP Request: HEAD https://huggingface.co/api/resolve-cache/models/OpenGVLab/InternVL3-8B-hf/259a3b64a14623c0ec91a045cb43f7c5af5fa6af/generation_config.json "HTTP/1.1 200 OK"
2026-04-25 18:39:36,988 [INFO] Train: 2990  Val: 330
2026-04-25 18:39:38,064 [INFO] step   0/500  lm=9.7098  dir=0.0000  total=9.7098  (1.1s/1=1.07s/step)
2026-04-25 18:40:07,188 [INFO] step 100/500  lm=1.6875  dir=0.0000  total=1.6875  (30.2s/101=0.30s/step)
2026-04-25 18:40:36,965 [INFO] step 200/500  lm=0.0000  dir=0.0000  total=0.0000  (60.0s/201=0.30s/step)
2026-04-25 18:40:59,781 [INFO]   [eval @ step 249] lm=0.0959  dir=0.2280  R²=0.7734  (n=100)
2026-04-25 18:41:14,556 [INFO] step 300/500  lm=0.0000  dir=0.0000  total=0.0000  (97.6s/301=0.32s/step)
2026-04-25 18:41:44,447 [INFO] step 400/500  lm=0.2673  dir=0.0000  total=0.2673  (127.5s/401=0.32s/step)
2026-04-25 18:42:22,096 [INFO]   [eval @ step 499] lm=0.0496  dir=0.2277  R²=0.7843  (n=100)
2026-04-25 18:43:17,504 [INFO] FINAL  lm=0.0586  dir=0.2306  R²=0.7107  vqa_acc=0.9424 (n=330)
2026-04-25 18:43:17,609 [INFO] HTTP Request: HEAD https://huggingface.co/OpenGVLab/InternVL3-8B-hf/resolve/main/config.json "HTTP/1.1 307 Temporary Redirect"
2026-04-25 18:43:17,630 [INFO] HTTP Request: HEAD https://huggingface.co/api/resolve-cache/models/OpenGVLab/InternVL3-8B-hf/259a3b64a14623c0ec91a045cb43f7c5af5fa6af/config.json "HTTP/1.1 200 OK"
2026-04-25 18:43:17,744 [INFO] Saved to checkpoints/intern_lam0_seed2
