2026-04-25 18:47:53,377 [INFO] Loading model: OpenGVLab/InternVL3-8B-hf
2026-04-25 18:47:56,297 [INFO] HTTP Request: HEAD https://huggingface.co/OpenGVLab/InternVL3-8B-hf/resolve/main/processor_config.json "HTTP/1.1 307 Temporary Redirect"
2026-04-25 18:47:56,298 [WARNING] Warning: You are sending unauthenticated requests to the HF Hub. Please set a HF_TOKEN to enable higher rate limits and faster downloads.
2026-04-25 18:47:56,310 [INFO] HTTP Request: HEAD https://huggingface.co/api/resolve-cache/models/OpenGVLab/InternVL3-8B-hf/259a3b64a14623c0ec91a045cb43f7c5af5fa6af/processor_config.json "HTTP/1.1 200 OK"
2026-04-25 18:47:56,346 [INFO] HTTP Request: GET https://huggingface.co/api/models/OpenGVLab/InternVL3-8B-hf/tree/main/additional_chat_templates?recursive=false&expand=false "HTTP/1.1 404 Not Found"
2026-04-25 18:47:56,370 [INFO] HTTP Request: HEAD https://huggingface.co/OpenGVLab/InternVL3-8B-hf/resolve/main/processor_config.json "HTTP/1.1 307 Temporary Redirect"
2026-04-25 18:47:56,383 [INFO] HTTP Request: HEAD https://huggingface.co/api/resolve-cache/models/OpenGVLab/InternVL3-8B-hf/259a3b64a14623c0ec91a045cb43f7c5af5fa6af/processor_config.json "HTTP/1.1 200 OK"
2026-04-25 18:47:56,410 [INFO] HTTP Request: HEAD https://huggingface.co/OpenGVLab/InternVL3-8B-hf/resolve/main/chat_template.json "HTTP/1.1 404 Not Found"
2026-04-25 18:47:56,432 [INFO] HTTP Request: HEAD https://huggingface.co/OpenGVLab/InternVL3-8B-hf/resolve/main/chat_template.jinja "HTTP/1.1 307 Temporary Redirect"
2026-04-25 18:47:56,450 [INFO] HTTP Request: HEAD https://huggingface.co/api/resolve-cache/models/OpenGVLab/InternVL3-8B-hf/259a3b64a14623c0ec91a045cb43f7c5af5fa6af/chat_template.jinja "HTTP/1.1 200 OK"
2026-04-25 18:47:56,481 [INFO] HTTP Request: HEAD https://huggingface.co/OpenGVLab/InternVL3-8B-hf/resolve/main/audio_tokenizer_config.json "HTTP/1.1 404 Not Found"
2026-04-25 18:47:56,513 [INFO] HTTP Request: GET https://huggingface.co/api/models/OpenGVLab/InternVL3-8B-hf/tree/main/additional_chat_templates?recursive=false&expand=false "HTTP/1.1 404 Not Found"
2026-04-25 18:47:56,536 [INFO] HTTP Request: HEAD https://huggingface.co/OpenGVLab/InternVL3-8B-hf/resolve/main/processor_config.json "HTTP/1.1 307 Temporary Redirect"
2026-04-25 18:47:56,549 [INFO] HTTP Request: HEAD https://huggingface.co/api/resolve-cache/models/OpenGVLab/InternVL3-8B-hf/259a3b64a14623c0ec91a045cb43f7c5af5fa6af/processor_config.json "HTTP/1.1 200 OK"
2026-04-25 18:47:56,578 [INFO] HTTP Request: HEAD https://huggingface.co/OpenGVLab/InternVL3-8B-hf/resolve/main/chat_template.json "HTTP/1.1 404 Not Found"
2026-04-25 18:47:56,601 [INFO] HTTP Request: HEAD https://huggingface.co/OpenGVLab/InternVL3-8B-hf/resolve/main/chat_template.jinja "HTTP/1.1 307 Temporary Redirect"
2026-04-25 18:47:56,614 [INFO] HTTP Request: HEAD https://huggingface.co/api/resolve-cache/models/OpenGVLab/InternVL3-8B-hf/259a3b64a14623c0ec91a045cb43f7c5af5fa6af/chat_template.jinja "HTTP/1.1 200 OK"
2026-04-25 18:47:56,638 [INFO] HTTP Request: HEAD https://huggingface.co/OpenGVLab/InternVL3-8B-hf/resolve/main/audio_tokenizer_config.json "HTTP/1.1 404 Not Found"
2026-04-25 18:47:56,661 [INFO] HTTP Request: HEAD https://huggingface.co/OpenGVLab/InternVL3-8B-hf/resolve/main/processor_config.json "HTTP/1.1 307 Temporary Redirect"
2026-04-25 18:47:56,673 [INFO] HTTP Request: HEAD https://huggingface.co/api/resolve-cache/models/OpenGVLab/InternVL3-8B-hf/259a3b64a14623c0ec91a045cb43f7c5af5fa6af/processor_config.json "HTTP/1.1 200 OK"
2026-04-25 18:47:56,697 [INFO] HTTP Request: HEAD https://huggingface.co/OpenGVLab/InternVL3-8B-hf/resolve/main/preprocessor_config.json "HTTP/1.1 307 Temporary Redirect"
2026-04-25 18:47:56,709 [INFO] HTTP Request: HEAD https://huggingface.co/api/resolve-cache/models/OpenGVLab/InternVL3-8B-hf/259a3b64a14623c0ec91a045cb43f7c5af5fa6af/preprocessor_config.json "HTTP/1.1 200 OK"
2026-04-25 18:47:56,734 [INFO] HTTP Request: HEAD https://huggingface.co/OpenGVLab/InternVL3-8B-hf/resolve/main/processor_config.json "HTTP/1.1 307 Temporary Redirect"
2026-04-25 18:47:56,748 [INFO] HTTP Request: HEAD https://huggingface.co/api/resolve-cache/models/OpenGVLab/InternVL3-8B-hf/259a3b64a14623c0ec91a045cb43f7c5af5fa6af/processor_config.json "HTTP/1.1 200 OK"
2026-04-25 18:47:56,771 [INFO] HTTP Request: HEAD https://huggingface.co/OpenGVLab/InternVL3-8B-hf/resolve/main/preprocessor_config.json "HTTP/1.1 307 Temporary Redirect"
2026-04-25 18:47:56,783 [INFO] HTTP Request: HEAD https://huggingface.co/api/resolve-cache/models/OpenGVLab/InternVL3-8B-hf/259a3b64a14623c0ec91a045cb43f7c5af5fa6af/preprocessor_config.json "HTTP/1.1 200 OK"
2026-04-25 18:47:56,806 [INFO] HTTP Request: HEAD https://huggingface.co/OpenGVLab/InternVL3-8B-hf/resolve/main/config.json "HTTP/1.1 307 Temporary Redirect"
2026-04-25 18:47:56,819 [INFO] HTTP Request: HEAD https://huggingface.co/api/resolve-cache/models/OpenGVLab/InternVL3-8B-hf/259a3b64a14623c0ec91a045cb43f7c5af5fa6af/config.json "HTTP/1.1 200 OK"
2026-04-25 18:47:56,846 [INFO] HTTP Request: HEAD https://huggingface.co/OpenGVLab/InternVL3-8B-hf/resolve/main/tokenizer_config.json "HTTP/1.1 307 Temporary Redirect"
2026-04-25 18:47:56,858 [INFO] HTTP Request: HEAD https://huggingface.co/api/resolve-cache/models/OpenGVLab/InternVL3-8B-hf/259a3b64a14623c0ec91a045cb43f7c5af5fa6af/tokenizer_config.json "HTTP/1.1 200 OK"
2026-04-25 18:47:56,883 [INFO] HTTP Request: GET https://huggingface.co/api/models/OpenGVLab/InternVL3-8B-hf/tree/main/additional_chat_templates?recursive=false&expand=false "HTTP/1.1 404 Not Found"
2026-04-25 18:47:56,909 [INFO] HTTP Request: GET https://huggingface.co/api/models/OpenGVLab/InternVL3-8B-hf/tree/main?recursive=true&expand=false "HTTP/1.1 200 OK"
2026-04-25 18:47:57,660 [INFO] HTTP Request: GET https://huggingface.co/api/models/OpenGVLab/InternVL3-8B-hf "HTTP/1.1 200 OK"
2026-04-25 18:47:57,689 [INFO] HTTP Request: HEAD https://huggingface.co/OpenGVLab/InternVL3-8B-hf/resolve/main/processor_config.json "HTTP/1.1 307 Temporary Redirect"
2026-04-25 18:47:57,701 [INFO] HTTP Request: HEAD https://huggingface.co/api/resolve-cache/models/OpenGVLab/InternVL3-8B-hf/259a3b64a14623c0ec91a045cb43f7c5af5fa6af/processor_config.json "HTTP/1.1 200 OK"
2026-04-25 18:47:57,728 [INFO] HTTP Request: HEAD https://huggingface.co/OpenGVLab/InternVL3-8B-hf/resolve/main/video_preprocessor_config.json "HTTP/1.1 404 Not Found"
2026-04-25 18:47:57,750 [INFO] HTTP Request: HEAD https://huggingface.co/OpenGVLab/InternVL3-8B-hf/resolve/main/preprocessor_config.json "HTTP/1.1 307 Temporary Redirect"
2026-04-25 18:47:57,764 [INFO] HTTP Request: HEAD https://huggingface.co/api/resolve-cache/models/OpenGVLab/InternVL3-8B-hf/259a3b64a14623c0ec91a045cb43f7c5af5fa6af/preprocessor_config.json "HTTP/1.1 200 OK"
2026-04-25 18:47:57,787 [INFO] HTTP Request: HEAD https://huggingface.co/OpenGVLab/InternVL3-8B-hf/resolve/main/config.json "HTTP/1.1 307 Temporary Redirect"
2026-04-25 18:47:57,800 [INFO] HTTP Request: HEAD https://huggingface.co/api/resolve-cache/models/OpenGVLab/InternVL3-8B-hf/259a3b64a14623c0ec91a045cb43f7c5af5fa6af/config.json "HTTP/1.1 200 OK"
2026-04-25 18:47:57,831 [INFO] HTTP Request: HEAD https://huggingface.co/OpenGVLab/InternVL3-8B-hf/resolve/main/processor_config.json "HTTP/1.1 307 Temporary Redirect"
2026-04-25 18:47:57,845 [INFO] HTTP Request: HEAD https://huggingface.co/api/resolve-cache/models/OpenGVLab/InternVL3-8B-hf/259a3b64a14623c0ec91a045cb43f7c5af5fa6af/processor_config.json "HTTP/1.1 200 OK"
2026-04-25 18:47:57,878 [INFO] HTTP Request: HEAD https://huggingface.co/OpenGVLab/InternVL3-8B-hf/resolve/main/video_preprocessor_config.json "HTTP/1.1 404 Not Found"
2026-04-25 18:47:57,914 [INFO] HTTP Request: HEAD https://huggingface.co/OpenGVLab/InternVL3-8B-hf/resolve/main/preprocessor_config.json "HTTP/1.1 307 Temporary Redirect"
2026-04-25 18:47:57,927 [INFO] HTTP Request: HEAD https://huggingface.co/api/resolve-cache/models/OpenGVLab/InternVL3-8B-hf/259a3b64a14623c0ec91a045cb43f7c5af5fa6af/preprocessor_config.json "HTTP/1.1 200 OK"
2026-04-25 18:47:58,488 [INFO] HTTP Request: HEAD https://huggingface.co/OpenGVLab/InternVL3-8B-hf/resolve/main/config.json "HTTP/1.1 307 Temporary Redirect"
2026-04-25 18:47:58,500 [INFO] HTTP Request: HEAD https://huggingface.co/api/resolve-cache/models/OpenGVLab/InternVL3-8B-hf/259a3b64a14623c0ec91a045cb43f7c5af5fa6af/config.json "HTTP/1.1 200 OK"
2026-04-25 18:47:58,532 [INFO] HTTP Request: HEAD https://huggingface.co/OpenGVLab/InternVL3-8B-hf/resolve/main/config.json "HTTP/1.1 307 Temporary Redirect"
2026-04-25 18:47:58,545 [INFO] HTTP Request: HEAD https://huggingface.co/api/resolve-cache/models/OpenGVLab/InternVL3-8B-hf/259a3b64a14623c0ec91a045cb43f7c5af5fa6af/config.json "HTTP/1.1 200 OK"
2026-04-25 18:47:58,802 [INFO] HTTP Request: HEAD https://huggingface.co/OpenGVLab/InternVL3-8B-hf/resolve/main/generation_config.json "HTTP/1.1 307 Temporary Redirect"
2026-04-25 18:47:58,814 [INFO] HTTP Request: HEAD https://huggingface.co/api/resolve-cache/models/OpenGVLab/InternVL3-8B-hf/259a3b64a14623c0ec91a045cb43f7c5af5fa6af/generation_config.json "HTTP/1.1 200 OK"
2026-04-25 18:48:04,257 [INFO] Train: 2990  Val: 330
2026-04-25 18:48:05,281 [INFO] step   0/500  lm=10.3879  dir=0.0000  total=10.3879  (1.0s/1=1.02s/step)
2026-04-25 18:48:35,021 [INFO] step 100/500  lm=0.0027  dir=0.0000  total=0.0027  (30.8s/101=0.30s/step)
2026-04-25 18:49:04,661 [INFO] step 200/500  lm=0.0117  dir=0.0000  total=0.0117  (60.4s/201=0.30s/step)
2026-04-25 18:49:28,005 [INFO]   [eval @ step 249] lm=0.1484  dir=0.2288  R²=0.7907  (n=100)
2026-04-25 18:49:43,902 [INFO] step 300/500  lm=0.1677  dir=0.0000  total=0.1677  (99.6s/301=0.33s/step)
2026-04-25 18:50:14,230 [INFO] step 400/500  lm=1.0629  dir=0.0000  total=1.0629  (130.0s/401=0.32s/step)
2026-04-25 18:50:53,011 [INFO]   [eval @ step 499] lm=0.0985  dir=0.2313  R²=0.7705  (n=100)
2026-04-25 18:51:48,791 [INFO] FINAL  lm=0.1100  dir=0.2323  R²=0.6981  vqa_acc=0.9212 (n=330)
2026-04-25 18:51:48,884 [INFO] HTTP Request: HEAD https://huggingface.co/OpenGVLab/InternVL3-8B-hf/resolve/main/config.json "HTTP/1.1 307 Temporary Redirect"
2026-04-25 18:51:48,896 [INFO] HTTP Request: HEAD https://huggingface.co/api/resolve-cache/models/OpenGVLab/InternVL3-8B-hf/259a3b64a14623c0ec91a045cb43f7c5af5fa6af/config.json "HTTP/1.1 200 OK"
2026-04-25 18:51:49,003 [INFO] Saved to checkpoints/intern_lam0_seed3
