2026-04-25 20:59:19,091 [INFO] Loading model: OpenGVLab/InternVL3-8B-hf
2026-04-25 20:59:22,058 [INFO] HTTP Request: HEAD https://huggingface.co/OpenGVLab/InternVL3-8B-hf/resolve/main/processor_config.json "HTTP/1.1 307 Temporary Redirect"
2026-04-25 20:59:22,072 [INFO] HTTP Request: HEAD https://huggingface.co/api/resolve-cache/models/OpenGVLab/InternVL3-8B-hf/259a3b64a14623c0ec91a045cb43f7c5af5fa6af/processor_config.json "HTTP/1.1 200 OK"
2026-04-25 20:59:22,099 [INFO] HTTP Request: GET https://huggingface.co/api/models/OpenGVLab/InternVL3-8B-hf/tree/main/additional_chat_templates?recursive=false&expand=false "HTTP/1.1 404 Not Found"
2026-04-25 20:59:22,126 [INFO] HTTP Request: HEAD https://huggingface.co/OpenGVLab/InternVL3-8B-hf/resolve/main/processor_config.json "HTTP/1.1 307 Temporary Redirect"
2026-04-25 20:59:22,140 [INFO] HTTP Request: HEAD https://huggingface.co/api/resolve-cache/models/OpenGVLab/InternVL3-8B-hf/259a3b64a14623c0ec91a045cb43f7c5af5fa6af/processor_config.json "HTTP/1.1 200 OK"
2026-04-25 20:59:22,163 [INFO] HTTP Request: HEAD https://huggingface.co/OpenGVLab/InternVL3-8B-hf/resolve/main/chat_template.json "HTTP/1.1 404 Not Found"
2026-04-25 20:59:22,194 [INFO] HTTP Request: HEAD https://huggingface.co/OpenGVLab/InternVL3-8B-hf/resolve/main/chat_template.jinja "HTTP/1.1 307 Temporary Redirect"
2026-04-25 20:59:22,194 [WARNING] Warning: You are sending unauthenticated requests to the HF Hub. Please set a HF_TOKEN to enable higher rate limits and faster downloads.
2026-04-25 20:59:22,206 [INFO] HTTP Request: HEAD https://huggingface.co/api/resolve-cache/models/OpenGVLab/InternVL3-8B-hf/259a3b64a14623c0ec91a045cb43f7c5af5fa6af/chat_template.jinja "HTTP/1.1 200 OK"
2026-04-25 20:59:22,228 [INFO] HTTP Request: HEAD https://huggingface.co/OpenGVLab/InternVL3-8B-hf/resolve/main/audio_tokenizer_config.json "HTTP/1.1 404 Not Found"
2026-04-25 20:59:22,255 [INFO] HTTP Request: GET https://huggingface.co/api/models/OpenGVLab/InternVL3-8B-hf/tree/main/additional_chat_templates?recursive=false&expand=false "HTTP/1.1 404 Not Found"
2026-04-25 20:59:22,280 [INFO] HTTP Request: HEAD https://huggingface.co/OpenGVLab/InternVL3-8B-hf/resolve/main/processor_config.json "HTTP/1.1 307 Temporary Redirect"
2026-04-25 20:59:22,292 [INFO] HTTP Request: HEAD https://huggingface.co/api/resolve-cache/models/OpenGVLab/InternVL3-8B-hf/259a3b64a14623c0ec91a045cb43f7c5af5fa6af/processor_config.json "HTTP/1.1 200 OK"
2026-04-25 20:59:22,345 [INFO] HTTP Request: HEAD https://huggingface.co/OpenGVLab/InternVL3-8B-hf/resolve/main/chat_template.json "HTTP/1.1 404 Not Found"
2026-04-25 20:59:22,369 [INFO] HTTP Request: HEAD https://huggingface.co/OpenGVLab/InternVL3-8B-hf/resolve/main/chat_template.jinja "HTTP/1.1 307 Temporary Redirect"
2026-04-25 20:59:22,381 [INFO] HTTP Request: HEAD https://huggingface.co/api/resolve-cache/models/OpenGVLab/InternVL3-8B-hf/259a3b64a14623c0ec91a045cb43f7c5af5fa6af/chat_template.jinja "HTTP/1.1 200 OK"
2026-04-25 20:59:22,408 [INFO] HTTP Request: HEAD https://huggingface.co/OpenGVLab/InternVL3-8B-hf/resolve/main/audio_tokenizer_config.json "HTTP/1.1 404 Not Found"
2026-04-25 20:59:22,433 [INFO] HTTP Request: HEAD https://huggingface.co/OpenGVLab/InternVL3-8B-hf/resolve/main/processor_config.json "HTTP/1.1 307 Temporary Redirect"
2026-04-25 20:59:22,445 [INFO] HTTP Request: HEAD https://huggingface.co/api/resolve-cache/models/OpenGVLab/InternVL3-8B-hf/259a3b64a14623c0ec91a045cb43f7c5af5fa6af/processor_config.json "HTTP/1.1 200 OK"
2026-04-25 20:59:22,478 [INFO] HTTP Request: HEAD https://huggingface.co/OpenGVLab/InternVL3-8B-hf/resolve/main/preprocessor_config.json "HTTP/1.1 307 Temporary Redirect"
2026-04-25 20:59:22,490 [INFO] HTTP Request: HEAD https://huggingface.co/api/resolve-cache/models/OpenGVLab/InternVL3-8B-hf/259a3b64a14623c0ec91a045cb43f7c5af5fa6af/preprocessor_config.json "HTTP/1.1 200 OK"
2026-04-25 20:59:22,521 [INFO] HTTP Request: HEAD https://huggingface.co/OpenGVLab/InternVL3-8B-hf/resolve/main/processor_config.json "HTTP/1.1 307 Temporary Redirect"
2026-04-25 20:59:22,534 [INFO] HTTP Request: HEAD https://huggingface.co/api/resolve-cache/models/OpenGVLab/InternVL3-8B-hf/259a3b64a14623c0ec91a045cb43f7c5af5fa6af/processor_config.json "HTTP/1.1 200 OK"
2026-04-25 20:59:22,562 [INFO] HTTP Request: HEAD https://huggingface.co/OpenGVLab/InternVL3-8B-hf/resolve/main/preprocessor_config.json "HTTP/1.1 307 Temporary Redirect"
2026-04-25 20:59:22,575 [INFO] HTTP Request: HEAD https://huggingface.co/api/resolve-cache/models/OpenGVLab/InternVL3-8B-hf/259a3b64a14623c0ec91a045cb43f7c5af5fa6af/preprocessor_config.json "HTTP/1.1 200 OK"
2026-04-25 20:59:22,611 [INFO] HTTP Request: HEAD https://huggingface.co/OpenGVLab/InternVL3-8B-hf/resolve/main/config.json "HTTP/1.1 307 Temporary Redirect"
2026-04-25 20:59:22,626 [INFO] HTTP Request: HEAD https://huggingface.co/api/resolve-cache/models/OpenGVLab/InternVL3-8B-hf/259a3b64a14623c0ec91a045cb43f7c5af5fa6af/config.json "HTTP/1.1 200 OK"
2026-04-25 20:59:22,650 [INFO] HTTP Request: HEAD https://huggingface.co/OpenGVLab/InternVL3-8B-hf/resolve/main/tokenizer_config.json "HTTP/1.1 307 Temporary Redirect"
2026-04-25 20:59:22,662 [INFO] HTTP Request: HEAD https://huggingface.co/api/resolve-cache/models/OpenGVLab/InternVL3-8B-hf/259a3b64a14623c0ec91a045cb43f7c5af5fa6af/tokenizer_config.json "HTTP/1.1 200 OK"
2026-04-25 20:59:22,687 [INFO] HTTP Request: GET https://huggingface.co/api/models/OpenGVLab/InternVL3-8B-hf/tree/main/additional_chat_templates?recursive=false&expand=false "HTTP/1.1 404 Not Found"
2026-04-25 20:59:22,712 [INFO] HTTP Request: GET https://huggingface.co/api/models/OpenGVLab/InternVL3-8B-hf/tree/main?recursive=true&expand=false "HTTP/1.1 200 OK"
2026-04-25 20:59:23,452 [INFO] HTTP Request: GET https://huggingface.co/api/models/OpenGVLab/InternVL3-8B-hf "HTTP/1.1 200 OK"
2026-04-25 20:59:23,475 [INFO] HTTP Request: HEAD https://huggingface.co/OpenGVLab/InternVL3-8B-hf/resolve/main/processor_config.json "HTTP/1.1 307 Temporary Redirect"
2026-04-25 20:59:23,488 [INFO] HTTP Request: HEAD https://huggingface.co/api/resolve-cache/models/OpenGVLab/InternVL3-8B-hf/259a3b64a14623c0ec91a045cb43f7c5af5fa6af/processor_config.json "HTTP/1.1 200 OK"
2026-04-25 20:59:23,516 [INFO] HTTP Request: HEAD https://huggingface.co/OpenGVLab/InternVL3-8B-hf/resolve/main/video_preprocessor_config.json "HTTP/1.1 404 Not Found"
2026-04-25 20:59:23,547 [INFO] HTTP Request: HEAD https://huggingface.co/OpenGVLab/InternVL3-8B-hf/resolve/main/preprocessor_config.json "HTTP/1.1 307 Temporary Redirect"
2026-04-25 20:59:23,560 [INFO] HTTP Request: HEAD https://huggingface.co/api/resolve-cache/models/OpenGVLab/InternVL3-8B-hf/259a3b64a14623c0ec91a045cb43f7c5af5fa6af/preprocessor_config.json "HTTP/1.1 200 OK"
2026-04-25 20:59:23,584 [INFO] HTTP Request: HEAD https://huggingface.co/OpenGVLab/InternVL3-8B-hf/resolve/main/config.json "HTTP/1.1 307 Temporary Redirect"
2026-04-25 20:59:23,597 [INFO] HTTP Request: HEAD https://huggingface.co/api/resolve-cache/models/OpenGVLab/InternVL3-8B-hf/259a3b64a14623c0ec91a045cb43f7c5af5fa6af/config.json "HTTP/1.1 200 OK"
2026-04-25 20:59:23,626 [INFO] HTTP Request: HEAD https://huggingface.co/OpenGVLab/InternVL3-8B-hf/resolve/main/processor_config.json "HTTP/1.1 307 Temporary Redirect"
2026-04-25 20:59:23,640 [INFO] HTTP Request: HEAD https://huggingface.co/api/resolve-cache/models/OpenGVLab/InternVL3-8B-hf/259a3b64a14623c0ec91a045cb43f7c5af5fa6af/processor_config.json "HTTP/1.1 200 OK"
2026-04-25 20:59:23,665 [INFO] HTTP Request: HEAD https://huggingface.co/OpenGVLab/InternVL3-8B-hf/resolve/main/video_preprocessor_config.json "HTTP/1.1 404 Not Found"
2026-04-25 20:59:23,690 [INFO] HTTP Request: HEAD https://huggingface.co/OpenGVLab/InternVL3-8B-hf/resolve/main/preprocessor_config.json "HTTP/1.1 307 Temporary Redirect"
2026-04-25 20:59:23,703 [INFO] HTTP Request: HEAD https://huggingface.co/api/resolve-cache/models/OpenGVLab/InternVL3-8B-hf/259a3b64a14623c0ec91a045cb43f7c5af5fa6af/preprocessor_config.json "HTTP/1.1 200 OK"
2026-04-25 20:59:24,311 [INFO] HTTP Request: HEAD https://huggingface.co/OpenGVLab/InternVL3-8B-hf/resolve/main/config.json "HTTP/1.1 307 Temporary Redirect"
2026-04-25 20:59:24,323 [INFO] HTTP Request: HEAD https://huggingface.co/api/resolve-cache/models/OpenGVLab/InternVL3-8B-hf/259a3b64a14623c0ec91a045cb43f7c5af5fa6af/config.json "HTTP/1.1 200 OK"
2026-04-25 20:59:24,357 [INFO] HTTP Request: HEAD https://huggingface.co/OpenGVLab/InternVL3-8B-hf/resolve/main/config.json "HTTP/1.1 307 Temporary Redirect"
2026-04-25 20:59:24,371 [INFO] HTTP Request: HEAD https://huggingface.co/api/resolve-cache/models/OpenGVLab/InternVL3-8B-hf/259a3b64a14623c0ec91a045cb43f7c5af5fa6af/config.json "HTTP/1.1 200 OK"
2026-04-25 20:59:24,673 [INFO] HTTP Request: HEAD https://huggingface.co/OpenGVLab/InternVL3-8B-hf/resolve/main/generation_config.json "HTTP/1.1 307 Temporary Redirect"
2026-04-25 20:59:24,686 [INFO] HTTP Request: HEAD https://huggingface.co/api/resolve-cache/models/OpenGVLab/InternVL3-8B-hf/259a3b64a14623c0ec91a045cb43f7c5af5fa6af/generation_config.json "HTTP/1.1 200 OK"
2026-04-25 20:59:31,564 [INFO] Train: 2990  Val: 330
2026-04-25 20:59:32,637 [INFO] step   0/500  lm=7.8416  dir=0.2627  total=8.6298  (1.1s/1=1.07s/step)
2026-04-25 21:00:02,641 [INFO] step 100/500  lm=0.0000  dir=0.1688  total=0.5065  (31.1s/101=0.31s/step)
2026-04-25 21:00:32,516 [INFO] step 200/500  lm=0.0165  dir=0.0832  total=0.2661  (60.9s/201=0.30s/step)
2026-04-25 21:00:54,104 [INFO]   [eval @ step 249] lm=0.1651  dir=0.1035  R²=0.9235  (n=100)
2026-04-25 21:01:10,010 [INFO] step 300/500  lm=0.0000  dir=0.1161  total=0.3483  (98.4s/301=0.33s/step)
2026-04-25 21:01:40,170 [INFO] step 400/500  lm=0.0000  dir=0.0873  total=0.2620  (128.6s/401=0.32s/step)
2026-04-25 21:02:17,365 [INFO]   [eval @ step 499] lm=0.2090  dir=0.0968  R²=0.9353  (n=100)
2026-04-25 21:03:02,866 [INFO] FINAL  lm=0.1052  dir=0.1133  R²=0.8936  vqa_acc=0.9576 (n=330)
2026-04-25 21:03:02,952 [INFO] HTTP Request: HEAD https://huggingface.co/OpenGVLab/InternVL3-8B-hf/resolve/main/config.json "HTTP/1.1 307 Temporary Redirect"
2026-04-25 21:03:02,966 [INFO] HTTP Request: HEAD https://huggingface.co/api/resolve-cache/models/OpenGVLab/InternVL3-8B-hf/259a3b64a14623c0ec91a045cb43f7c5af5fa6af/config.json "HTTP/1.1 200 OK"
2026-04-25 21:03:03,078 [INFO] Saved to checkpoints/intern_lam3.0_seed0
